<?xml version="1.0" encoding="UTF-8" standalone="no"?>
<testsuite errors="0" failures="0" name="io.cucumber.core.plugin.JUnitFormatter" skipped="0" tests="38" time="422.121">
    <testcase classname="Raw event data journey from the lambda to S3 for build (and dev) environment" name="Check messages don't pass through lambda if missing event_name" time="0.134">
        <system-out>
            <![CDATA[Given the SQS file "lambdaToCloudwatchTests/lambda_missing_event_name" is available for the "App" team.passed
When the "App" lambda is invoked............................................passed
Then there should be a "[ERROR]" message in the "App" lambda logs...........passed
]]>
        </system-out>
    </testcase>
    <testcase classname="Raw event data journey from the lambda to S3 for build (and dev) environment" name="Check messages don't pass through lambda if missing event_name 2" time="0.135">
        <system-out>
            <![CDATA[Given the SQS file "lambdaToCloudwatchTests/lambda_missing_event_name" is available for the "AuthAccountMgmt" team.passed
When the "AuthAccountMgmt" lambda is invoked................................passed
Then there should be a "[ERROR]" message in the "AuthAccountMgmt" lambda logs.passed
]]>
        </system-out>
    </testcase>
    <testcase classname="Raw event data journey from the lambda to S3 for build (and dev) environment" name="Check messages don't pass through lambda if missing event_name 3" time="0.19">
        <system-out>
            <![CDATA[Given the SQS file "lambdaToCloudwatchTests/lambda_missing_event_name" is available for the "AuthOIDC" team.passed
When the "AuthOIDC" lambda is invoked.......................................passed
Then there should be a "[ERROR]" message in the "AuthOIDC" lambda logs......passed
]]>
        </system-out>
    </testcase>
    <testcase classname="Raw event data journey from the lambda to S3 for build (and dev) environment" name="Check messages don't pass through lambda if missing event_name 4" time="0.629">
        <system-out>
            <![CDATA[Given the SQS file "lambdaToCloudwatchTests/lambda_missing_event_name" is available for the "IPV" team.passed
When the "IPV" lambda is invoked............................................passed
Then there should be a "[ERROR]" message in the "IPV" lambda logs...........passed
]]>
        </system-out>
    </testcase>
    <testcase classname="Raw event data journey from the lambda to S3 for build (and dev) environment" name="Check messages don't pass through lambda if missing event_name 5" time="0.123">
        <system-out>
            <![CDATA[Given the SQS file "lambdaToCloudwatchTests/lambda_missing_event_name" is available for the "IPVCI" team.passed
When the "IPVCI" lambda is invoked..........................................passed
Then there should be a "[ERROR]" message in the "IPVCI" lambda logs.........passed
]]>
        </system-out>
    </testcase>
    <testcase classname="Raw event data journey from the lambda to S3 for build (and dev) environment" name="Check messages don't pass through lambda if missing event_name 6" time="0.728">
        <system-out>
            <![CDATA[Given the SQS file "lambdaToCloudwatchTests/lambda_missing_event_name" is available for the "IPVPass" team.passed
When the "IPVPass" lambda is invoked........................................passed
Then there should be a "[ERROR]" message in the "IPVPass" lambda logs.......passed
]]>
        </system-out>
    </testcase>
    <testcase classname="Raw event data journey from the lambda to S3 for build (and dev) environment" name="Check messages don't pass through lambda if missing event_name 7" time="0.584">
        <system-out>
            <![CDATA[Given the SQS file "lambdaToCloudwatchTests/lambda_missing_event_name" is available for the "KBV" team.passed
When the "KBV" lambda is invoked............................................passed
Then there should be a "[ERROR]" message in the "KBV" lambda logs...........passed
]]>
        </system-out>
    </testcase>
    <testcase classname="Raw event data journey from the lambda to S3 for build (and dev) environment" name="Check messages don't pass through lambda if missing event_name 8" time="0.815">
        <system-out>
            <![CDATA[Given the SQS file "lambdaToCloudwatchTests/lambda_missing_event_name" is available for the "KBVAddress" team.passed
When the "KBVAddress" lambda is invoked.....................................passed
Then there should be a "[ERROR]" message in the "KBVAddress" lambda logs....passed
]]>
        </system-out>
    </testcase>
    <testcase classname="Raw event data journey from the lambda to S3 for build (and dev) environment" name="Check messages don't pass through lambda if missing event_name 9" time="0.673">
        <system-out>
            <![CDATA[Given the SQS file "lambdaToCloudwatchTests/lambda_missing_event_name" is available for the "KBVFraud" team.passed
When the "KBVFraud" lambda is invoked.......................................passed
Then there should be a "[ERROR]" message in the "KBVFraud" lambda logs......passed
]]>
        </system-out>
    </testcase>
    <testcase classname="Raw event data journey from the lambda to S3 for build (and dev) environment" name="Check messages don't pass through lambda if missing event_name 10" time="6.974">
        <system-out>
            <![CDATA[Given the SQS file "lambdaToCloudwatchTests/lambda_missing_event_name" is available for the "SPOT" team.passed
When the "SPOT" lambda is invoked...........................................passed
Then there should be a "[ERROR]" message in the "SPOT" lambda logs..........passed
]]>
        </system-out>
    </testcase>
    <testcase classname="Raw event data journey from the lambda to S3 for build (and dev) environment" name="Check messages don't pass through lambda if missing timestamp" time="7.079">
        <system-out>
            <![CDATA[Given the SQS file "lambdaToCloudwatchTests/lambda_missing_timestamp" is available for the "App" team.passed
When the "App" lambda is invoked............................................passed
Then there should be a "[ERROR]" message in the "App" lambda logs...........passed
]]>
        </system-out>
    </testcase>
    <testcase classname="Raw event data journey from the lambda to S3 for build (and dev) environment" name="Check messages don't pass through lambda if missing timestamp 2" time="0.586">
        <system-out>
            <![CDATA[Given the SQS file "lambdaToCloudwatchTests/lambda_missing_timestamp" is available for the "AuthAccountMgmt" team.passed
When the "AuthAccountMgmt" lambda is invoked................................passed
Then there should be a "[ERROR]" message in the "AuthAccountMgmt" lambda logs.passed
]]>
        </system-out>
    </testcase>
    <testcase classname="Raw event data journey from the lambda to S3 for build (and dev) environment" name="Check messages don't pass through lambda if missing timestamp 3" time="0.823">
        <system-out>
            <![CDATA[Given the SQS file "lambdaToCloudwatchTests/lambda_missing_timestamp" is available for the "AuthOIDC" team.passed
When the "AuthOIDC" lambda is invoked.......................................passed
Then there should be a "[ERROR]" message in the "AuthOIDC" lambda logs......passed
]]>
        </system-out>
    </testcase>
    <testcase classname="Raw event data journey from the lambda to S3 for build (and dev) environment" name="Check messages don't pass through lambda if missing timestamp 4" time="0.598">
        <system-out>
            <![CDATA[Given the SQS file "lambdaToCloudwatchTests/lambda_missing_timestamp" is available for the "IPV" team.passed
When the "IPV" lambda is invoked............................................passed
Then there should be a "[ERROR]" message in the "IPV" lambda logs...........passed
]]>
        </system-out>
    </testcase>
    <testcase classname="Raw event data journey from the lambda to S3 for build (and dev) environment" name="Check messages don't pass through lambda if missing timestamp 5" time="0.669">
        <system-out>
            <![CDATA[Given the SQS file "lambdaToCloudwatchTests/lambda_missing_timestamp" is available for the "IPVCI" team.passed
When the "IPVCI" lambda is invoked..........................................passed
Then there should be a "[ERROR]" message in the "IPVCI" lambda logs.........passed
]]>
        </system-out>
    </testcase>
    <testcase classname="Raw event data journey from the lambda to S3 for build (and dev) environment" name="Check messages don't pass through lambda if missing timestamp 6" time="0.709">
        <system-out>
            <![CDATA[Given the SQS file "lambdaToCloudwatchTests/lambda_missing_timestamp" is available for the "IPVPass" team.passed
When the "IPVPass" lambda is invoked........................................passed
Then there should be a "[ERROR]" message in the "IPVPass" lambda logs.......passed
]]>
        </system-out>
    </testcase>
    <testcase classname="Raw event data journey from the lambda to S3 for build (and dev) environment" name="Check messages don't pass through lambda if missing timestamp 7" time="0.542">
        <system-out>
            <![CDATA[Given the SQS file "lambdaToCloudwatchTests/lambda_missing_timestamp" is available for the "KBV" team.passed
When the "KBV" lambda is invoked............................................passed
Then there should be a "[ERROR]" message in the "KBV" lambda logs...........passed
]]>
        </system-out>
    </testcase>
    <testcase classname="Raw event data journey from the lambda to S3 for build (and dev) environment" name="Check messages don't pass through lambda if missing timestamp 8" time="0.815">
        <system-out>
            <![CDATA[Given the SQS file "lambdaToCloudwatchTests/lambda_missing_timestamp" is available for the "KBVAddress" team.passed
When the "KBVAddress" lambda is invoked.....................................passed
Then there should be a "[ERROR]" message in the "KBVAddress" lambda logs....passed
]]>
        </system-out>
    </testcase>
    <testcase classname="Raw event data journey from the lambda to S3 for build (and dev) environment" name="Check messages don't pass through lambda if missing timestamp 9" time="0.655">
        <system-out>
            <![CDATA[Given the SQS file "lambdaToCloudwatchTests/lambda_missing_timestamp" is available for the "KBVFraud" team.passed
When the "KBVFraud" lambda is invoked.......................................passed
Then there should be a "[ERROR]" message in the "KBVFraud" lambda logs......passed
]]>
        </system-out>
    </testcase>
    <testcase classname="Raw event data journey from the lambda to S3 for build (and dev) environment" name="Check messages don't pass through lambda if missing timestamp 10" time="7.009">
        <system-out>
            <![CDATA[Given the SQS file "lambdaToCloudwatchTests/lambda_missing_timestamp" is available for the "SPOT" team.passed
When the "SPOT" lambda is invoked...........................................passed
Then there should be a "[ERROR]" message in the "SPOT" lambda logs..........passed
]]>
        </system-out>
    </testcase>
    <testcase classname="Raw event data journey from the lambda to S3 for build (and dev) environment" name="Check messages receive a warning in Cloudwatch if addition fields are present" time="41.983">
        <system-out>
            <![CDATA[Given the SQS file "lambdaToCloudwatchTests/lambda_additional_field" is available for the "App" team.passed
And the output file "s3_expected" in the "lambdaToCloudwatchTests" folder is available.passed
When the "App" lambda is invoked............................................passed
Then there should be a "[WARN]" message in the "App" lambda logs............passed
And the s3 below should have a new event matching the respective "App" output file "s3_expected" in the "lambdaToCloudwatchTests" folder.passed
]]>
        </system-out>
    </testcase>
    <testcase classname="Raw event data journey from the lambda to S3 for build (and dev) environment" name="Check messages receive a warning in Cloudwatch if addition fields are present 2" time="82.504">
        <system-out>
            <![CDATA[Given the SQS file "lambdaToCloudwatchTests/lambda_additional_field" is available for the "AuthAccountMgmt" team.passed
And the output file "s3_expected" in the "lambdaToCloudwatchTests" folder is available.passed
When the "AuthAccountMgmt" lambda is invoked................................passed
Then there should be a "[WARN]" message in the "AuthAccountMgmt" lambda logs.passed
And the s3 below should have a new event matching the respective "AuthAccountMgmt" output file "s3_expected" in the "lambdaToCloudwatchTests" folder.passed
]]>
        </system-out>
    </testcase>
    <testcase classname="Raw event data journey from the lambda to S3 for build (and dev) environment" name="Check messages receive a warning in Cloudwatch if addition fields are present 3" time="82.577">
        <system-out>
            <![CDATA[Given the SQS file "lambdaToCloudwatchTests/lambda_additional_field" is available for the "AuthOIDC" team.passed
And the output file "s3_expected" in the "lambdaToCloudwatchTests" folder is available.passed
When the "AuthOIDC" lambda is invoked.......................................passed
Then there should be a "[WARN]" message in the "AuthOIDC" lambda logs.......passed
And the s3 below should have a new event matching the respective "AuthOIDC" output file "s3_expected" in the "lambdaToCloudwatchTests" folder.passed
]]>
        </system-out>
    </testcase>
    <testcase classname="Raw event data journey from the lambda to S3 for build (and dev) environment" name="Check messages receive a warning in Cloudwatch if addition fields are present 4" time="72.43">
        <system-out>
            <![CDATA[Given the SQS file "lambdaToCloudwatchTests/lambda_additional_field" is available for the "IPV" team.passed
And the output file "s3_expected" in the "lambdaToCloudwatchTests" folder is available.passed
When the "IPV" lambda is invoked............................................passed
Then there should be a "[WARN]" message in the "IPV" lambda logs............passed
And the s3 below should have a new event matching the respective "IPV" output file "s3_expected" in the "lambdaToCloudwatchTests" folder.passed
]]>
        </system-out>
    </testcase>
    <testcase classname="Raw event data journey from the lambda to S3 for build (and dev) environment" name="Check messages receive a warning in Cloudwatch if addition fields are present 5" time="62.077">
        <system-out>
            <![CDATA[Given the SQS file "lambdaToCloudwatchTests/lambda_additional_field" is available for the "IPVCI" team.passed
And the output file "s3_expected" in the "lambdaToCloudwatchTests" folder is available.passed
When the "IPVCI" lambda is invoked..........................................passed
Then there should be a "[WARN]" message in the "IPVCI" lambda logs..........passed
And the s3 below should have a new event matching the respective "IPVCI" output file "s3_expected" in the "lambdaToCloudwatchTests" folder.passed
]]>
        </system-out>
    </testcase>
    <testcase classname="Raw event data journey from the lambda to S3 for build (and dev) environment" name="Check messages receive a warning in Cloudwatch if addition fields are present 6" time="83.939">
        <system-out>
            <![CDATA[Given the SQS file "lambdaToCloudwatchTests/lambda_additional_field" is available for the "IPVPass" team.passed
And the output file "s3_expected" in the "lambdaToCloudwatchTests" folder is available.passed
When the "IPVPass" lambda is invoked........................................passed
Then there should be a "[WARN]" message in the "IPVPass" lambda logs........passed
And the s3 below should have a new event matching the respective "IPVPass" output file "s3_expected" in the "lambdaToCloudwatchTests" folder.passed
]]>
        </system-out>
    </testcase>
    <testcase classname="Raw event data journey from the lambda to S3 for build (and dev) environment" name="Check messages receive a warning in Cloudwatch if addition fields are present 7" time="82.949">
        <system-out>
            <![CDATA[Given the SQS file "lambdaToCloudwatchTests/lambda_additional_field" is available for the "KBV" team.passed
And the output file "s3_expected" in the "lambdaToCloudwatchTests" folder is available.passed
When the "KBV" lambda is invoked............................................passed
Then there should be a "[WARN]" message in the "KBV" lambda logs............passed
And the s3 below should have a new event matching the respective "KBV" output file "s3_expected" in the "lambdaToCloudwatchTests" folder.passed
]]>
        </system-out>
    </testcase>
    <testcase classname="Raw event data journey from the lambda to S3 for build (and dev) environment" name="Check messages receive a warning in Cloudwatch if addition fields are present 8" time="82.648">
        <system-out>
            <![CDATA[Given the SQS file "lambdaToCloudwatchTests/lambda_additional_field" is available for the "KBVAddress" team.passed
And the output file "s3_expected" in the "lambdaToCloudwatchTests" folder is available.passed
When the "KBVAddress" lambda is invoked.....................................passed
Then there should be a "[WARN]" message in the "KBVAddress" lambda logs.....passed
And the s3 below should have a new event matching the respective "KBVAddress" output file "s3_expected" in the "lambdaToCloudwatchTests" folder.passed
]]>
        </system-out>
    </testcase>
    <testcase classname="Raw event data journey from the lambda to S3 for build (and dev) environment" name="Check messages receive a warning in Cloudwatch if addition fields are present 9" time="82.762">
        <system-out>
            <![CDATA[Given the SQS file "lambdaToCloudwatchTests/lambda_additional_field" is available for the "KBVFraud" team.passed
And the output file "s3_expected" in the "lambdaToCloudwatchTests" folder is available.passed
When the "KBVFraud" lambda is invoked.......................................passed
Then there should be a "[WARN]" message in the "KBVFraud" lambda logs.......passed
And the s3 below should have a new event matching the respective "KBVFraud" output file "s3_expected" in the "lambdaToCloudwatchTests" folder.passed
]]>
        </system-out>
    </testcase>
    <testcase classname="Raw event data journey from the lambda to S3 for build (and dev) environment" name="Check messages receive a warning in Cloudwatch if addition fields are present 10" time="83.605">
        <system-out>
            <![CDATA[Given the SQS file "lambdaToCloudwatchTests/lambda_additional_field" is available for the "SPOT" team.passed
And the output file "s3_expected" in the "lambdaToCloudwatchTests" folder is available.passed
When the "SPOT" lambda is invoked...........................................passed
Then there should be a "[WARN]" message in the "SPOT" lambda logs...........passed
And the s3 below should have a new event matching the respective "SPOT" output file "s3_expected" in the "lambdaToCloudwatchTests" folder.passed
]]>
        </system-out>
    </testcase>
    <testcase classname="Raw event data journey from the lambda to S3 for build (and dev) environment" name="Checking the filter sends &quot;AUTH_UPDATE_CLIENT_REQUEST_ERROR&quot; only to Fraud" time="83.048">
        <system-out>
            <![CDATA[Given the SQS file "SNSFilterTests/auth_update_client_request_error" is available for the "IPV" team.passed
And the output file "expected" in the "SNSFilterTests" folder is available..passed
When the "IPV" lambda is invoked............................................passed
Then the s3 below should have a new event matching the respective "IPV" output file "expected" in the "SNSFilterTests" folder.passed
]]>
        </system-out>
    </testcase>
    <testcase classname="Raw event data journey from the lambda to S3 for build (and dev) environment" name="Checking the filter sends &quot;RANDOM_EVENT&quot; to neither Fraud, nor Performance" time="113.462">
        <system-out>
            <![CDATA[Given the SQS file "SNSFilterTests/random_event" is available for the "IPV" team.passed
And the output file "expected_random" in the "SNSFilterTests" folder is available.passed
When the "IPV" lambda is invoked............................................passed
Then the S3 below should not have a new event matching the respective "IPV" output file "expected_random" in the "SNSFilterTests" folder.passed
]]>
        </system-out>
    </testcase>
    <testcase classname="Raw event data journey from the lambda to S3 for build (and dev) environment" name="Check re-ingest lambda adds and updates the reIngestCount field" time="132.444">
        <system-out>
            <![CDATA[Given the failed S3 event file "reIngestCount" is available for "fraud".....passed
When the failed event with ReIngestCount 2 is processed by the "fraud" lambda.passed
Then there should be a message in the reIngest lambda logs..................passed
And the S3 for "perf" will not contain the event with correct reIngestCount.passed
]]>
        </system-out>
    </testcase>
    <testcase classname="Raw event data journey from the lambda to S3 for build (and dev) environment" name="Check re-ingest lambda adds and updates the reIngestCount field 2" time="132.574">
        <system-out>
            <![CDATA[Given the failed S3 event file "reIngestCount" is available for "perf"......passed
When the failed event with ReIngestCount 2 is processed by the "perf" lambda.passed
Then there should be a message in the reIngest lambda logs..................passed
And the S3 for "fraud" will not contain the event with correct reIngestCount.passed
]]>
        </system-out>
    </testcase>
    <testcase classname="Raw event data journey from the lambda to S3 for build (and dev) environment" name="Check re-ingest lambda does not process when reIngestCount exceeds the maximum" time="132.964">
        <system-out>
            <![CDATA[Given the failed S3 event file "reIngestCount" is available for "fraud".....passed
When the failed event with ReIngestCount 5 is processed by the "fraud" lambda.passed
Then there should be a message in the reIngest lambda logs..................passed
And the S3 for "fraud" will not contain the event with correct reIngestCount.passed
And the S3 for "perf" will not contain the event with correct reIngestCount.passed
]]>
        </system-out>
    </testcase>
    <testcase classname="Raw event data journey from the lambda to S3 for build (and dev) environment" name="Check re-ingest lambda does not process when reIngestCount exceeds the maximum 2" time="132.419">
        <system-out>
            <![CDATA[Given the failed S3 event file "reIngestCount" is available for "perf"......passed
When the failed event with ReIngestCount 5 is processed by the "perf" lambda.passed
Then there should be a message in the reIngest lambda logs..................passed
And the S3 for "perf" will not contain the event with correct reIngestCount.passed
And the S3 for "fraud" will not contain the event with correct reIngestCount.passed
]]>
        </system-out>
    </testcase>
    <testcase classname="Raw event data journey from the lambda to S3 for build (and dev) environment" name="Check re-ingest lambda does not process an erroneous S3 object" time="132.377">
        <system-out>
            <![CDATA[Given the failed S3 event file "badReIngestCount" is available for "fraud"..passed
When the event for "fraud" is sent..........................................passed
Then there should be a message in the reIngest lambda logs..................passed
And the S3 for "fraud" will not contain the event with correct reIngestCount.passed
And the S3 for "perf" will not contain the event with correct reIngestCount.passed
]]>
        </system-out>
    </testcase>
    <testcase classname="Raw event data journey from the lambda to S3 for build (and dev) environment" name="Check re-ingest lambda does not process an erroneous S3 object 2" time="139.793">
        <system-out>
            <![CDATA[Given the failed S3 event file "badReIngestCount" is available for "perf"...passed
When the event for "perf" is sent...........................................passed
Then there should be a message in the reIngest lambda logs..................passed
And the S3 for "perf" will not contain the event with correct reIngestCount.passed
And the S3 for "fraud" will not contain the event with correct reIngestCount.passed
]]>
        </system-out>
    </testcase>
</testsuite>
